# JRE version: Java(TM) SE Runtime Environment (8.0_301-b09) (build 1.8.0_301-b09)
# Java VM: Java HotSpot(TM) 64-Bit Server VM (25.301-b09 mixed mode windows-amd64 compressed oops)
Heap:
 PSYoungGen      total 189440K, used 25585K [0x00000000d5f80000, 0x00000000e4180000, 0x0000000100000000)
  eden space 178688K, 14% used [0x00000000d5f80000,0x00000000d787c7c0,0x00000000e0e00000)
  from space 10752K, 0% used [0x00000000e0e00000,0x00000000e0e00000,0x00000000e1880000)
  to   space 8704K, 0% used [0x00000000e1880000,0x00000000e1880000,0x00000000e2100000)
 ParOldGen       total 54784K, used 12094K [0x0000000081e00000, 0x0000000085380000, 0x00000000d5f80000)
  object space 54784K, 22% used [0x0000000081e00000,0x00000000829cfae0,0x0000000085380000)
 Metaspace       used 34086K, capacity 36378K, committed 36608K, reserved 1083392K
  class space    used 4598K, capacity 5020K, committed 5120K, reserved 1048576K
GC Heap History (10 events):
Event: 2.491 GC heap before
{Heap before GC invocations=8 (full 1):
 PSYoungGen      total 114688K, used 114553K [0x00000000d5f80000, 0x00000000def00000, 0x0000000100000000)
  eden space 109056K, 100% used [0x00000000d5f80000,0x00000000dca00000,0x00000000dca00000)
  from space 5632K, 97% used [0x00000000de980000,0x00000000deede448,0x00000000def00000)
  to   space 8192K, 0% used [0x00000000ddf00000,0x00000000ddf00000,0x00000000de700000)
 ParOldGen       total 54784K, used 6320K [0x0000000081e00000, 0x0000000085380000, 0x00000000d5f80000)
  object space 54784K, 11% used [0x0000000081e00000,0x000000008242c110,0x0000000085380000)
 Metaspace       used 27970K, capacity 29712K, committed 29952K, reserved 1075200K
  class space    used 3719K, capacity 4065K, committed 4096K, reserved 1048576K
Event: 2.505 GC heap after
Heap after GC invocations=8 (full 1):
 PSYoungGen      total 138752K, used 7876K [0x00000000d5f80000, 0x00000000e2100000, 0x0000000100000000)
  eden space 130560K, 0% used [0x00000000d5f80000,0x00000000d5f80000,0x00000000ddf00000)
  from space 8192K, 96% used [0x00000000ddf00000,0x00000000de6b1138,0x00000000de700000)
  to   space 8704K, 0% used [0x00000000e1880000,0x00000000e1880000,0x00000000e2100000)
 ParOldGen       total 54784K, used 6320K [0x0000000081e00000, 0x0000000085380000, 0x00000000d5f80000)
  object space 54784K, 11% used [0x0000000081e00000,0x000000008242c110,0x0000000085380000)
 Metaspace       used 27970K, capacity 29712K, committed 29952K, reserved 1075200K
  class space    used 3719K, capacity 4065K, committed 4096K, reserved 1048576K
}
Event: 3.763 GC heap before
{Heap before GC invocations=9 (full 1):
 PSYoungGen      total 138752K, used 125912K [0x00000000d5f80000, 0x00000000e2100000, 0x0000000100000000)
  eden space 130560K, 90% used [0x00000000d5f80000,0x00000000dd2c4fc0,0x00000000ddf00000)
  from space 8192K, 96% used [0x00000000ddf00000,0x00000000de6b1138,0x00000000de700000)
  to   space 8704K, 0% used [0x00000000e1880000,0x00000000e1880000,0x00000000e2100000)
 ParOldGen       total 54784K, used 6320K [0x0000000081e00000, 0x0000000085380000, 0x00000000d5f80000)
  object space 54784K, 11% used [0x0000000081e00000,0x000000008242c110,0x0000000085380000)
 Metaspace       used 33282K, capacity 35438K, committed 35496K, reserved 1079296K
  class space    used 4463K, capacity 4858K, committed 4864K, reserved 1048576K
Event: 3.771 GC heap after
Heap after GC invocations=9 (full 1):
 PSYoungGen      total 187392K, used 8686K [0x00000000d5f80000, 0x00000000e4180000, 0x0000000100000000)
  eden space 178688K, 0% used [0x00000000d5f80000,0x00000000d5f80000,0x00000000e0e00000)
  from space 8704K, 99% used [0x00000000e1880000,0x00000000e20fba80,0x00000000e2100000)
  to   space 10752K, 0% used [0x00000000e0e00000,0x00000000e0e00000,0x00000000e1880000)
 ParOldGen       total 54784K, used 9219K [0x0000000081e00000, 0x0000000085380000, 0x00000000d5f80000)
  object space 54784K, 16% used [0x0000000081e00000,0x0000000082700ec0,0x0000000085380000)
 Metaspace       used 33282K, capacity 35438K, committed 35496K, reserved 1079296K
  class space    used 4463K, capacity 4858K, committed 4864K, reserved 1048576K
}
Event: 3.771 GC heap before
{Heap before GC invocations=10 (full 2):
 PSYoungGen      total 187392K, used 8686K [0x00000000d5f80000, 0x00000000e4180000, 0x0000000100000000)
  eden space 178688K, 0% used [0x00000000d5f80000,0x00000000d5f80000,0x00000000e0e00000)
  from space 8704K, 99% used [0x00000000e1880000,0x00000000e20fba80,0x00000000e2100000)
  to   space 10752K, 0% used [0x00000000e0e00000,0x00000000e0e00000,0x00000000e1880000)
 ParOldGen       total 54784K, used 9219K [0x0000000081e00000, 0x0000000085380000, 0x00000000d5f80000)
  object space 54784K, 16% used [0x0000000081e00000,0x0000000082700ec0,0x0000000085380000)
 Metaspace       used 33282K, capacity 35438K, committed 35496K, reserved 1079296K
  class space    used 4463K, capacity 4858K, committed 4864K, reserved 1048576K
Event: 3.821 GC heap after
Heap after GC invocations=10 (full 2):
 PSYoungGen      total 187392K, used 0K [0x00000000d5f80000, 0x00000000e4180000, 0x0000000100000000)
  eden space 178688K, 0% used [0x00000000d5f80000,0x00000000d5f80000,0x00000000e0e00000)
  from space 8704K, 0% used [0x00000000e1880000,0x00000000e1880000,0x00000000e2100000)
  to   space 10752K, 0% used [0x00000000e0e00000,0x00000000e0e00000,0x00000000e1880000)
 ParOldGen       total 54784K, used 16462K [0x0000000081e00000, 0x0000000085380000, 0x00000000d5f80000)
  object space 54784K, 30% used [0x0000000081e00000,0x0000000082e13888,0x0000000085380000)
 Metaspace       used 33282K, capacity 35438K, committed 35496K, reserved 1079296K
  class space    used 4463K, capacity 4858K, committed 4864K, reserved 1048576K
}
Event: 3.924 GC heap before
{Heap before GC invocations=11 (full 2):
 PSYoungGen      total 187392K, used 17353K [0x00000000d5f80000, 0x00000000e4180000, 0x0000000100000000)
  eden space 178688K, 9% used [0x00000000d5f80000,0x00000000d7072748,0x00000000e0e00000)
  from space 8704K, 0% used [0x00000000e1880000,0x00000000e1880000,0x00000000e2100000)
  to   space 10752K, 0% used [0x00000000e0e00000,0x00000000e0e00000,0x00000000e1880000)
 ParOldGen       total 54784K, used 16462K [0x0000000081e00000, 0x0000000085380000, 0x00000000d5f80000)
  object space 54784K, 30% used [0x0000000081e00000,0x0000000082e13888,0x0000000085380000)
 Metaspace       used 33657K, capacity 35896K, committed 35968K, reserved 1085440K
  class space    used 4531K, capacity 4973K, committed 4992K, reserved 1048576K
Event: 3.926 GC heap after
Heap after GC invocations=11 (full 2):
 PSYoungGen      total 189440K, used 960K [0x00000000d5f80000, 0x00000000e4180000, 0x0000000100000000)
  eden space 178688K, 0% used [0x00000000d5f80000,0x00000000d5f80000,0x00000000e0e00000)
  from space 10752K, 8% used [0x00000000e0e00000,0x00000000e0ef0000,0x00000000e1880000)
  to   space 8704K, 0% used [0x00000000e1880000,0x00000000e1880000,0x00000000e2100000)
 ParOldGen       total 54784K, used 16470K [0x0000000081e00000, 0x0000000085380000, 0x00000000d5f80000)
  object space 54784K, 30% used [0x0000000081e00000,0x0000000082e15888,0x0000000085380000)
 Metaspace       used 33657K, capacity 35896K, committed 35968K, reserved 1085440K
  class space    used 4531K, capacity 4973K, committed 4992K, reserved 1048576K
}
Event: 3.926 GC heap before
{Heap before GC invocations=12 (full 3):
 PSYoungGen      total 189440K, used 960K [0x00000000d5f80000, 0x00000000e4180000, 0x0000000100000000)
  eden space 178688K, 0% used [0x00000000d5f80000,0x00000000d5f80000,0x00000000e0e00000)
  from space 10752K, 8% used [0x00000000e0e00000,0x00000000e0ef0000,0x00000000e1880000)
  to   space 8704K, 0% used [0x00000000e1880000,0x00000000e1880000,0x00000000e2100000)
 ParOldGen       total 54784K, used 16470K [0x0000000081e00000, 0x0000000085380000, 0x00000000d5f80000)
  object space 54784K, 30% used [0x0000000081e00000,0x0000000082e15888,0x0000000085380000)
 Metaspace       used 33657K, capacity 35896K, committed 35968K, reserved 1085440K
  class space    used 4531K, capacity 4973K, committed 4992K, reserved 1048576K
Event: 3.989 GC heap after
Heap after GC invocations=12 (full 3):
 PSYoungGen      total 189440K, used 0K [0x00000000d5f80000, 0x00000000e4180000, 0x0000000100000000)
  eden space 178688K, 0% used [0x00000000d5f80000,0x00000000d5f80000,0x00000000e0e00000)
  from space 10752K, 0% used [0x00000000e0e00000,0x00000000e0e00000,0x00000000e1880000)
  to   space 8704K, 0% used [0x00000000e1880000,0x00000000e1880000,0x00000000e2100000)
 ParOldGen       total 54784K, used 12094K [0x0000000081e00000, 0x0000000085380000, 0x00000000d5f80000)
  object space 54784K, 22% used [0x0000000081e00000,0x00000000829cfae0,0x0000000085380000)
 Metaspace       used 33657K, capacity 35896K, committed 35968K, reserved 1083392K
  class space    used 4531K, capacity 4973K, committed 4992K, reserved 1048576K
}

