# JRE version: Java(TM) SE Runtime Environment (8.0_301-b09) (build 1.8.0_301-b09)
# Java VM: Java HotSpot(TM) 64-Bit Server VM (25.301-b09 mixed mode windows-amd64 compressed oops)
Heap:
 PSYoungGen      total 283648K, used 113548K [0x00000000d5f80000, 0x00000000eef80000, 0x0000000100000000)
  eden space 255488K, 44% used [0x00000000d5f80000,0x00000000dce63360,0x00000000e5900000)
  from space 28160K, 0% used [0x00000000e5900000,0x00000000e5900000,0x00000000e7480000)
  to   space 39936K, 0% used [0x00000000ec880000,0x00000000ec880000,0x00000000eef80000)
 ParOldGen       total 144384K, used 50652K [0x0000000081e00000, 0x000000008ab00000, 0x00000000d5f80000)
  object space 144384K, 35% used [0x0000000081e00000,0x0000000084f771c8,0x000000008ab00000)
 Metaspace       used 28777K, capacity 29502K, committed 29616K, reserved 1075200K
  class space    used 3176K, capacity 3428K, committed 3504K, reserved 1048576K
GC Heap History (10 events):
Event: 5.129 GC heap before
{Heap before GC invocations=9 (full 1):
 PSYoungGen      total 145920K, used 133120K [0x00000000d5f80000, 0x00000000e7e80000, 0x0000000100000000)
  eden space 133120K, 100% used [0x00000000d5f80000,0x00000000de180000,0x00000000de180000)
  from space 12800K, 0% used [0x00000000de180000,0x00000000de180000,0x00000000dee00000)
  to   space 13824K, 0% used [0x00000000e7100000,0x00000000e7100000,0x00000000e7e80000)
 ParOldGen       total 80384K, used 22477K [0x0000000081e00000, 0x0000000086c80000, 0x00000000d5f80000)
  object space 80384K, 27% used [0x0000000081e00000,0x00000000833f36e8,0x0000000086c80000)
 Metaspace       used 22857K, capacity 23304K, committed 23600K, reserved 1071104K
  class space    used 2617K, capacity 2776K, committed 2864K, reserved 1048576K
Event: 5.156 GC heap after
Heap after GC invocations=9 (full 1):
 PSYoungGen      total 214016K, used 13795K [0x00000000d5f80000, 0x00000000e7e80000, 0x0000000100000000)
  eden space 200192K, 0% used [0x00000000d5f80000,0x00000000d5f80000,0x00000000e2300000)
  from space 13824K, 99% used [0x00000000e7100000,0x00000000e7e78c80,0x00000000e7e80000)
  to   space 22528K, 0% used [0x00000000e5280000,0x00000000e5280000,0x00000000e6880000)
 ParOldGen       total 80384K, used 37742K [0x0000000081e00000, 0x0000000086c80000, 0x00000000d5f80000)
  object space 80384K, 46% used [0x0000000081e00000,0x00000000842dba10,0x0000000086c80000)
 Metaspace       used 22857K, capacity 23304K, committed 23600K, reserved 1071104K
  class space    used 2617K, capacity 2776K, committed 2864K, reserved 1048576K
}
Event: 7.021 GC heap before
{Heap before GC invocations=10 (full 1):
 PSYoungGen      total 214016K, used 213987K [0x00000000d5f80000, 0x00000000e7e80000, 0x0000000100000000)
  eden space 200192K, 100% used [0x00000000d5f80000,0x00000000e2300000,0x00000000e2300000)
  from space 13824K, 99% used [0x00000000e7100000,0x00000000e7e78c80,0x00000000e7e80000)
  to   space 22528K, 0% used [0x00000000e5280000,0x00000000e5280000,0x00000000e6880000)
 ParOldGen       total 80384K, used 37742K [0x0000000081e00000, 0x0000000086c80000, 0x00000000d5f80000)
  object space 80384K, 46% used [0x0000000081e00000,0x00000000842dba10,0x0000000086c80000)
 Metaspace       used 25427K, capacity 26050K, committed 26160K, reserved 1073152K
  class space    used 2871K, capacity 3069K, committed 3120K, reserved 1048576K
Event: 7.047 GC heap after
Heap after GC invocations=10 (full 1):
 PSYoungGen      total 271360K, used 22513K [0x00000000d5f80000, 0x00000000e8d80000, 0x0000000100000000)
  eden space 248832K, 0% used [0x00000000d5f80000,0x00000000d5f80000,0x00000000e5280000)
  from space 22528K, 99% used [0x00000000e5280000,0x00000000e687c660,0x00000000e6880000)
  to   space 25600K, 0% used [0x00000000e7480000,0x00000000e7480000,0x00000000e8d80000)
 ParOldGen       total 80384K, used 38187K [0x0000000081e00000, 0x0000000086c80000, 0x00000000d5f80000)
  object space 80384K, 47% used [0x0000000081e00000,0x000000008434afe8,0x0000000086c80000)
 Metaspace       used 25427K, capacity 26050K, committed 26160K, reserved 1073152K
  class space    used 2871K, capacity 3069K, committed 3120K, reserved 1048576K
}
Event: 8.146 GC heap before
{Heap before GC invocations=11 (full 1):
 PSYoungGen      total 271360K, used 271345K [0x00000000d5f80000, 0x00000000e8d80000, 0x0000000100000000)
  eden space 248832K, 100% used [0x00000000d5f80000,0x00000000e5280000,0x00000000e5280000)
  from space 22528K, 99% used [0x00000000e5280000,0x00000000e687c660,0x00000000e6880000)
  to   space 25600K, 0% used [0x00000000e7480000,0x00000000e7480000,0x00000000e8d80000)
 ParOldGen       total 80384K, used 38187K [0x0000000081e00000, 0x0000000086c80000, 0x00000000d5f80000)
  object space 80384K, 47% used [0x0000000081e00000,0x000000008434afe8,0x0000000086c80000)
 Metaspace       used 26041K, capacity 26724K, committed 27056K, reserved 1073152K
  class space    used 2926K, capacity 3142K, committed 3248K, reserved 1048576K
Event: 8.183 GC heap after
Heap after GC invocations=11 (full 1):
 PSYoungGen      total 281088K, used 23003K [0x00000000d5f80000, 0x00000000ed500000, 0x0000000100000000)
  eden space 255488K, 0% used [0x00000000d5f80000,0x00000000d5f80000,0x00000000e5900000)
  from space 25600K, 89% used [0x00000000e7480000,0x00000000e8af6e40,0x00000000e8d80000)
  to   space 28160K, 0% used [0x00000000e5900000,0x00000000e5900000,0x00000000e7480000)
 ParOldGen       total 80384K, used 51751K [0x0000000081e00000, 0x0000000086c80000, 0x00000000d5f80000)
  object space 80384K, 64% used [0x0000000081e00000,0x0000000085089cf8,0x0000000086c80000)
 Metaspace       used 26041K, capacity 26724K, committed 27056K, reserved 1073152K
  class space    used 2926K, capacity 3142K, committed 3248K, reserved 1048576K
}
Event: 11.179 GC heap before
{Heap before GC invocations=12 (full 1):
 PSYoungGen      total 281088K, used 278491K [0x00000000d5f80000, 0x00000000ed500000, 0x0000000100000000)
  eden space 255488K, 100% used [0x00000000d5f80000,0x00000000e5900000,0x00000000e5900000)
  from space 25600K, 89% used [0x00000000e7480000,0x00000000e8af6e40,0x00000000e8d80000)
  to   space 28160K, 0% used [0x00000000e5900000,0x00000000e5900000,0x00000000e7480000)
 ParOldGen       total 80384K, used 51751K [0x0000000081e00000, 0x0000000086c80000, 0x00000000d5f80000)
  object space 80384K, 64% used [0x0000000081e00000,0x0000000085089cf8,0x0000000086c80000)
 Metaspace       used 28119K, capacity 28904K, committed 29104K, reserved 1075200K
  class space    used 3128K, capacity 3378K, committed 3504K, reserved 1048576K
Event: 11.212 GC heap after
Heap after GC invocations=12 (full 1):
 PSYoungGen      total 283648K, used 28155K [0x00000000d5f80000, 0x00000000eef80000, 0x0000000100000000)
  eden space 255488K, 0% used [0x00000000d5f80000,0x00000000d5f80000,0x00000000e5900000)
  from space 28160K, 99% used [0x00000000e5900000,0x00000000e747ef00,0x00000000e7480000)
  to   space 39936K, 0% used [0x00000000ec880000,0x00000000ec880000,0x00000000eef80000)
 ParOldGen       total 80384K, used 72418K [0x0000000081e00000, 0x0000000086c80000, 0x00000000d5f80000)
  object space 80384K, 90% used [0x0000000081e00000,0x00000000864b8860,0x0000000086c80000)
 Metaspace       used 28119K, capacity 28904K, committed 29104K, reserved 1075200K
  class space    used 3128K, capacity 3378K, committed 3504K, reserved 1048576K
}
Event: 11.213 GC heap before
{Heap before GC invocations=13 (full 2):
 PSYoungGen      total 283648K, used 28155K [0x00000000d5f80000, 0x00000000eef80000, 0x0000000100000000)
  eden space 255488K, 0% used [0x00000000d5f80000,0x00000000d5f80000,0x00000000e5900000)
  from space 28160K, 99% used [0x00000000e5900000,0x00000000e747ef00,0x00000000e7480000)
  to   space 39936K, 0% used [0x00000000ec880000,0x00000000ec880000,0x00000000eef80000)
 ParOldGen       total 80384K, used 72418K [0x0000000081e00000, 0x0000000086c80000, 0x00000000d5f80000)
  object space 80384K, 90% used [0x0000000081e00000,0x00000000864b8860,0x0000000086c80000)
 Metaspace       used 28119K, capacity 28904K, committed 29104K, reserved 1075200K
  class space    used 3128K, capacity 3378K, committed 3504K, reserved 1048576K
Event: 11.297 GC heap after
Heap after GC invocations=13 (full 2):
 PSYoungGen      total 283648K, used 0K [0x00000000d5f80000, 0x00000000eef80000, 0x0000000100000000)
  eden space 255488K, 0% used [0x00000000d5f80000,0x00000000d5f80000,0x00000000e5900000)
  from space 28160K, 0% used [0x00000000e5900000,0x00000000e5900000,0x00000000e7480000)
  to   space 39936K, 0% used [0x00000000ec880000,0x00000000ec880000,0x00000000eef80000)
 ParOldGen       total 144384K, used 50652K [0x0000000081e00000, 0x000000008ab00000, 0x00000000d5f80000)
  object space 144384K, 35% used [0x0000000081e00000,0x0000000084f771c8,0x000000008ab00000)
 Metaspace       used 26013K, capacity 26652K, committed 29104K, reserved 1075200K
  class space    used 2887K, capacity 3100K, committed 3504K, reserved 1048576K
}

