# JRE version: Java(TM) SE Runtime Environment (8.0_301-b09) (build 1.8.0_301-b09)
# Java VM: Java HotSpot(TM) 64-Bit Server VM (25.301-b09 mixed mode windows-amd64 compressed oops)
Heap:
 PSYoungGen      total 127488K, used 82188K [0x00000000d5f80000, 0x00000000de700000, 0x0000000100000000)
  eden space 120320K, 68% used [0x00000000d5f80000,0x00000000dafc3298,0x00000000dd500000)
  from space 7168K, 0% used [0x00000000de000000,0x00000000de000000,0x00000000de700000)
  to   space 9216K, 0% used [0x00000000dd500000,0x00000000dd500000,0x00000000dde00000)
 ParOldGen       total 86528K, used 13612K [0x0000000081e00000, 0x0000000087280000, 0x00000000d5f80000)
  object space 86528K, 15% used [0x0000000081e00000,0x0000000082b4b2d8,0x0000000087280000)
 Metaspace       used 35251K, capacity 37704K, committed 37888K, reserved 1081344K
  class space    used 4795K, capacity 5273K, committed 5376K, reserved 1048576K
GC Heap History (10 events):
Event: 3.832 GC heap before
{Heap before GC invocations=8 (full 1):
 PSYoungGen      total 56832K, used 56506K [0x00000000d5f80000, 0x00000000dab80000, 0x0000000100000000)
  eden space 53760K, 100% used [0x00000000d5f80000,0x00000000d9400000,0x00000000d9400000)
  from space 3072K, 89% used [0x00000000da880000,0x00000000dab2ebd8,0x00000000dab80000)
  to   space 8704K, 0% used [0x00000000d9a80000,0x00000000d9a80000,0x00000000da300000)
 ParOldGen       total 55808K, used 6347K [0x0000000081e00000, 0x0000000085480000, 0x00000000d5f80000)
  object space 55808K, 11% used [0x0000000081e00000,0x0000000082432d28,0x0000000085480000)
 Metaspace       used 25118K, capacity 26732K, committed 27008K, reserved 1073152K
  class space    used 3348K, capacity 3669K, committed 3712K, reserved 1048576K
Event: 3.840 GC heap after
Heap after GC invocations=8 (full 1):
 PSYoungGen      total 69120K, used 5837K [0x00000000d5f80000, 0x00000000dc580000, 0x0000000100000000)
  eden space 60416K, 0% used [0x00000000d5f80000,0x00000000d5f80000,0x00000000d9a80000)
  from space 8704K, 67% used [0x00000000d9a80000,0x00000000da033698,0x00000000da300000)
  to   space 8704K, 0% used [0x00000000dbd00000,0x00000000dbd00000,0x00000000dc580000)
 ParOldGen       total 55808K, used 6355K [0x0000000081e00000, 0x0000000085480000, 0x00000000d5f80000)
  object space 55808K, 11% used [0x0000000081e00000,0x0000000082434d28,0x0000000085480000)
 Metaspace       used 25118K, capacity 26732K, committed 27008K, reserved 1073152K
  class space    used 3348K, capacity 3669K, committed 3712K, reserved 1048576K
}
Event: 3.957 GC heap before
{Heap before GC invocations=9 (full 1):
 PSYoungGen      total 69120K, used 66253K [0x00000000d5f80000, 0x00000000dc580000, 0x0000000100000000)
  eden space 60416K, 100% used [0x00000000d5f80000,0x00000000d9a80000,0x00000000d9a80000)
  from space 8704K, 67% used [0x00000000d9a80000,0x00000000da033698,0x00000000da300000)
  to   space 8704K, 0% used [0x00000000dbd00000,0x00000000dbd00000,0x00000000dc580000)
 ParOldGen       total 55808K, used 6355K [0x0000000081e00000, 0x0000000085480000, 0x00000000d5f80000)
  object space 55808K, 11% used [0x0000000081e00000,0x0000000082434d28,0x0000000085480000)
 Metaspace       used 26503K, capacity 28186K, committed 28416K, reserved 1073152K
  class space    used 3502K, capacity 3834K, committed 3840K, reserved 1048576K
Event: 3.962 GC heap after
Heap after GC invocations=9 (full 1):
 PSYoungGen      total 96256K, used 4769K [0x00000000d5f80000, 0x00000000dd280000, 0x0000000100000000)
  eden space 87552K, 0% used [0x00000000d5f80000,0x00000000d5f80000,0x00000000db500000)
  from space 8704K, 54% used [0x00000000dbd00000,0x00000000dc1a86a8,0x00000000dc580000)
  to   space 8192K, 0% used [0x00000000db500000,0x00000000db500000,0x00000000dbd00000)
 ParOldGen       total 55808K, used 6355K [0x0000000081e00000, 0x0000000085480000, 0x00000000d5f80000)
  object space 55808K, 11% used [0x0000000081e00000,0x0000000082434d28,0x0000000085480000)
 Metaspace       used 26503K, capacity 28186K, committed 28416K, reserved 1073152K
  class space    used 3502K, capacity 3834K, committed 3840K, reserved 1048576K
}
Event: 4.666 GC heap before
{Heap before GC invocations=10 (full 1):
 PSYoungGen      total 96256K, used 92321K [0x00000000d5f80000, 0x00000000dd280000, 0x0000000100000000)
  eden space 87552K, 100% used [0x00000000d5f80000,0x00000000db500000,0x00000000db500000)
  from space 8704K, 54% used [0x00000000dbd00000,0x00000000dc1a86a8,0x00000000dc580000)
  to   space 8192K, 0% used [0x00000000db500000,0x00000000db500000,0x00000000dbd00000)
 ParOldGen       total 55808K, used 6355K [0x0000000081e00000, 0x0000000085480000, 0x00000000d5f80000)
  object space 55808K, 11% used [0x0000000081e00000,0x0000000082434d28,0x0000000085480000)
 Metaspace       used 30369K, capacity 32276K, committed 32384K, reserved 1077248K
  class space    used 4060K, capacity 4425K, committed 4480K, reserved 1048576K
Event: 4.677 GC heap after
Heap after GC invocations=10 (full 1):
 PSYoungGen      total 95744K, used 8163K [0x00000000d5f80000, 0x00000000de980000, 0x0000000100000000)
  eden space 87552K, 0% used [0x00000000d5f80000,0x00000000d5f80000,0x00000000db500000)
  from space 8192K, 99% used [0x00000000db500000,0x00000000dbcf8ff8,0x00000000dbd00000)
  to   space 9728K, 0% used [0x00000000de000000,0x00000000de000000,0x00000000de980000)
 ParOldGen       total 55808K, used 7813K [0x0000000081e00000, 0x0000000085480000, 0x00000000d5f80000)
  object space 55808K, 14% used [0x0000000081e00000,0x00000000825a1688,0x0000000085480000)
 Metaspace       used 30369K, capacity 32276K, committed 32384K, reserved 1077248K
  class space    used 4060K, capacity 4425K, committed 4480K, reserved 1048576K
}
Event: 5.489 GC heap before
{Heap before GC invocations=11 (full 1):
 PSYoungGen      total 95744K, used 65179K [0x00000000d5f80000, 0x00000000de980000, 0x0000000100000000)
  eden space 87552K, 65% used [0x00000000d5f80000,0x00000000d972dce8,0x00000000db500000)
  from space 8192K, 99% used [0x00000000db500000,0x00000000dbcf8ff8,0x00000000dbd00000)
  to   space 9728K, 0% used [0x00000000de000000,0x00000000de000000,0x00000000de980000)
 ParOldGen       total 55808K, used 7813K [0x0000000081e00000, 0x0000000085480000, 0x00000000d5f80000)
  object space 55808K, 14% used [0x0000000081e00000,0x00000000825a1688,0x0000000085480000)
 Metaspace       used 33255K, capacity 35434K, committed 35496K, reserved 1079296K
  class space    used 4462K, capacity 4858K, committed 4864K, reserved 1048576K
Event: 5.497 GC heap after
Heap after GC invocations=11 (full 1):
 PSYoungGen      total 127488K, used 6103K [0x00000000d5f80000, 0x00000000de700000, 0x0000000100000000)
  eden space 120320K, 0% used [0x00000000d5f80000,0x00000000d5f80000,0x00000000dd500000)
  from space 7168K, 85% used [0x00000000de000000,0x00000000de5f5c38,0x00000000de700000)
  to   space 9216K, 0% used [0x00000000dd500000,0x00000000dd500000,0x00000000dde00000)
 ParOldGen       total 55808K, used 9459K [0x0000000081e00000, 0x0000000085480000, 0x00000000d5f80000)
  object space 55808K, 16% used [0x0000000081e00000,0x000000008273cf08,0x0000000085480000)
 Metaspace       used 33255K, capacity 35434K, committed 35496K, reserved 1079296K
  class space    used 4462K, capacity 4858K, committed 4864K, reserved 1048576K
}
Event: 5.497 GC heap before
{Heap before GC invocations=12 (full 2):
 PSYoungGen      total 127488K, used 6103K [0x00000000d5f80000, 0x00000000de700000, 0x0000000100000000)
  eden space 120320K, 0% used [0x00000000d5f80000,0x00000000d5f80000,0x00000000dd500000)
  from space 7168K, 85% used [0x00000000de000000,0x00000000de5f5c38,0x00000000de700000)
  to   space 9216K, 0% used [0x00000000dd500000,0x00000000dd500000,0x00000000dde00000)
 ParOldGen       total 55808K, used 9459K [0x0000000081e00000, 0x0000000085480000, 0x00000000d5f80000)
  object space 55808K, 16% used [0x0000000081e00000,0x000000008273cf08,0x0000000085480000)
 Metaspace       used 33255K, capacity 35434K, committed 35496K, reserved 1079296K
  class space    used 4462K, capacity 4858K, committed 4864K, reserved 1048576K
Event: 5.557 GC heap after
Heap after GC invocations=12 (full 2):
 PSYoungGen      total 127488K, used 0K [0x00000000d5f80000, 0x00000000de700000, 0x0000000100000000)
  eden space 120320K, 0% used [0x00000000d5f80000,0x00000000d5f80000,0x00000000dd500000)
  from space 7168K, 0% used [0x00000000de000000,0x00000000de000000,0x00000000de700000)
  to   space 9216K, 0% used [0x00000000dd500000,0x00000000dd500000,0x00000000dde00000)
 ParOldGen       total 86528K, used 13612K [0x0000000081e00000, 0x0000000087280000, 0x00000000d5f80000)
  object space 86528K, 15% used [0x0000000081e00000,0x0000000082b4b2d8,0x0000000087280000)
 Metaspace       used 33255K, capacity 35434K, committed 35496K, reserved 1079296K
  class space    used 4462K, capacity 4858K, committed 4864K, reserved 1048576K
}

